/*C21*/SET SCHEMA PUBLIC
drop table user if exists
create table user (id bigint generated by default as identity (start with 1), f_name varchar(255), l_name varchar(255), notifications varbinary(255), organisation varchar(255), points integer not null, primary key (id))
INSERT INTO USER VALUES(1,'Rohit','Bhatia','aced0005737200136a6176612e7574696c2e41727261794c6973747881d21d99c7619d03000149000473697a657870000000027704000000027400046e6f74317400046e6f743278','TM',30)
COMMIT
INSERT INTO USER VALUES(2,'Rohit2','Bhatia2','aced0005737200136a6176612e7574696c2e41727261794c6973747881d21d99c7619d03000149000473697a657870000000027704000000027400046e6f74337400046e6f743478','TM2',40)
COMMIT
drop table user if exists
DISCONNECT
/*C20*/SET SCHEMA PUBLIC
DISCONNECT
/*C19*/SET SCHEMA PUBLIC
DISCONNECT
/*C18*/SET SCHEMA PUBLIC
DISCONNECT
/*C17*/SET SCHEMA PUBLIC
DISCONNECT
/*C16*/SET SCHEMA PUBLIC
DISCONNECT
/*C15*/SET SCHEMA PUBLIC
DISCONNECT
/*C14*/SET SCHEMA PUBLIC
DISCONNECT
/*C13*/SET SCHEMA PUBLIC
DISCONNECT
/*C12*/SET SCHEMA PUBLIC
DISCONNECT
